<?xml version="1.0" encoding="utf-8"?><testsuites name="pytest tests"><testsuite name="pytest" errors="0" failures="0" skipped="0" tests="197" time="34.605" timestamp="2026-09-24T02:40:17.021930+08:00" hostname="DESKTOP-5OQPVKJ"><testcase classname="tests.test_api_and_models" name="test_api_text_to_evidence_round_trip" time="0.423" /><testcase classname="tests.test_api_and_models" name="test_openapi_exposes_only_workflow_rule_result_v1_3" time="0.527" /><testcase classname="tests.test_api_and_models" name="test_openapi_exposes_experiment_cases_and_three_way_summary" time="0.528" /><testcase classname="tests.test_api_and_models" name="test_blackout_experiment_case_matches_expected_red_flag_offline" time="0.351" /><testcase classname="tests.test_api_and_models" name="test_api_missing_information_does_not_create_red_flag" time="0.323" /><testcase classname="tests.test_api_and_models" name="test_api_rejects_duplicate_or_unknown_modules" time="0.328" /><testcase classname="tests.test_api_and_models" name="test_red_flag_endpoint_stops_before_rag" time="0.321" /><testcase classname="tests.test_api_and_models" name="test_model_endpoint_must_be_local[https://external.example]" time="0.001" /><testcase classname="tests.test_api_and_models" name="test_model_endpoint_must_be_local[http://127.0.0.1.evil.example]" time="0.000" /><testcase classname="tests.test_api_and_models" name="test_model_endpoint_must_be_local[file:///tmp/model]" time="0.000" /><testcase classname="tests.test_api_and_models" name="test_model_endpoint_must_be_local[http://name:password@localhost]" time="0.000" /><testcase classname="tests.test_api_and_models" name="test_llm_fabricated_quote_is_rejected" time="0.010" /><testcase classname="tests.test_api_and_models" name="test_llm_route_with_fabricated_quote_is_withheld" time="0.007" /><testcase classname="tests.test_api_and_models" name="test_model_timeout_preserves_replayable_template_report" time="0.978" /><testcase classname="tests.test_case_intake_synthetic" name="test_all_ten_supplied_cases_are_loaded" time="0.007" /><testcase classname="tests.test_case_intake_synthetic" name="test_fixture_extraction_matches_curated_gold" time="0.004" /><testcase classname="tests.test_case_intake_synthetic" name="test_explicit_missing_information_is_preserved" time="0.003" /><testcase classname="tests.test_case_intake_synthetic" name="test_category_map_stays_non_diagnostic" time="0.003" /><testcase classname="tests.test_collaboration_integration" name="test_projection_preserves_scoped_queries_without_full_decision" time="0.300" /><testcase classname="tests.test_collaboration_integration" name="test_generic_disease_or_number_match_cannot_authorize_field[BP 172/102 mmHg.-cardiovascular.blood_pressure.observed_systolic-102]" time="0.299" /><testcase classname="tests.test_collaboration_integration" name="test_generic_disease_or_number_match_cannot_authorize_field[Hearing average is 45 dB.-hearing.ent_or_audiologist_information_available-True]" time="0.307" /><testcase classname="tests.test_collaboration_integration" name="test_generic_disease_or_number_match_cannot_authorize_field[History of diabetes.-diabetes.severe_hypoglycaemia_recent-True]" time="0.297" /><testcase classname="tests.test_collaboration_integration" name="test_grounding_checks_the_selected_occurrence_context" time="0.298" /><testcase classname="tests.test_collaboration_integration" name="test_route_model_runs_for_text_and_file_and_replays_without_model" time="0.905" /><testcase classname="tests.test_collaboration_integration" name="test_empty_route_evidence_and_oversized_notes_are_withheld" time="0.007" /><testcase classname="tests.test_collaboration_integration" name="test_chunk_overlap_is_bounded_by_effective_input_budget" time="0.006" /><testcase classname="tests.test_collaboration_integration" name="test_historical_reports_verify_integrity_without_current_rule_replay" time="1.182" /><testcase classname="tests.test_collaboration_integration" name="test_browser_discloses_historical_report_and_exposes_rag_schema" time="1.046" /><testcase classname="tests.test_complex_notes" name="test_complex_notes_preserve_context_and_abstain[CX-HTN-01]" time="0.369" /><testcase classname="tests.test_complex_notes" name="test_complex_notes_preserve_context_and_abstain[CX-HTN-02]" time="0.008" /><testcase classname="tests.test_complex_notes" name="test_complex_notes_preserve_context_and_abstain[CX-VIS-01]" time="0.014" /><testcase classname="tests.test_complex_notes" name="test_complex_notes_preserve_context_and_abstain[CX-VIS-02]" time="0.014" /><testcase classname="tests.test_complex_notes" name="test_complex_notes_preserve_context_and_abstain[CX-HEAR-01]" time="0.010" /><testcase classname="tests.test_complex_notes" name="test_complex_notes_preserve_context_and_abstain[CX-HEAR-02]" time="0.011" /><testcase classname="tests.test_complex_notes" name="test_complex_notes_preserve_context_and_abstain[CX-BLK-01]" time="0.013" /><testcase classname="tests.test_complex_notes" name="test_complex_notes_preserve_context_and_abstain[CX-BLK-02]" time="0.012" /><testcase classname="tests.test_complex_notes" name="test_complex_notes_preserve_context_and_abstain[CX-DM-01]" time="0.013" /><testcase classname="tests.test_complex_notes" name="test_complex_notes_preserve_context_and_abstain[CX-DM-02]" time="0.013" /><testcase classname="tests.test_complex_notes" name="test_complex_notes_preserve_context_and_abstain[CX-MIX-01]" time="0.017" /><testcase classname="tests.test_complex_notes" name="test_complex_notes_preserve_context_and_abstain[CX-MIX-02]" time="0.021" /><testcase classname="tests.test_complex_notes" name="test_complex_notes_preserve_context_and_abstain[CX-CTRL-01]" time="0.006" /><testcase classname="tests.test_complex_notes" name="test_complex_notes_preserve_context_and_abstain[CX-CTRL-02]" time="0.006" /><testcase classname="tests.test_complex_notes" name="test_current_measurements_remain_usable[Persistent BP 175/105 mmHg.]" time="0.001" /><testcase classname="tests.test_complex_notes" name="test_current_measurements_remain_usable[Audiometry completed; unaided better ear average 45 dB.]" time="0.001" /><testcase classname="tests.test_complex_notes" name="test_module_passages_exclude_unrelated_note_and_structured_addendum" time="0.010" /><testcase classname="tests.test_complex_notes" name="test_narrative_contract_rejects_unknown_request_and_oversize" time="0.008" /><testcase classname="tests.test_complex_notes" name="test_review_retains_uncertain_unextracted_symptom" time="0.003" /><testcase classname="tests.test_complex_notes" name="test_conflicting_numeric_model_value_retains_units" time="0.006" /><testcase classname="tests.test_complex_notes" name="test_repeated_regex_readings_keep_units" time="0.006" /><testcase classname="tests.test_english_presentation" name="test_report_and_library_use_english" time="0.383" /><testcase classname="tests.test_english_presentation" name="test_commentary_rejects_chinese_output" time="0.001" /><testcase classname="tests.test_evaluation" name="test_gold_metrics" time="0.001" /><testcase classname="tests.test_evidence_pack" name="test_evidence_pack_is_frozen" time="0.001" /><testcase classname="tests.test_framework_preservation" name="test_all_shipped_profiles_preserve_deterministic_routing[workflow.yaml]" time="0.005" /><testcase classname="tests.test_framework_preservation" name="test_all_shipped_profiles_preserve_deterministic_routing[workflow.offline.yaml]" time="0.003" /><testcase classname="tests.test_framework_preservation" name="test_all_shipped_profiles_preserve_deterministic_routing[workflow.chroma.yaml]" time="0.004" /><testcase classname="tests.test_framework_preservation" name="test_review_precedes_rules_and_rag_without_extra_model_route[text]" time="0.383" /><testcase classname="tests.test_framework_preservation" name="test_review_precedes_rules_and_rag_without_extra_model_route[file]" time="0.791" /><testcase classname="tests.test_framework_preservation" name="test_original_routing_snapshot_is_preserved" time="0.901" /><testcase classname="tests.test_hybrid_retrieval" name="test_hybrid_retrieval_returns_relevant_filtered_docs" time="0.001" /><testcase classname="tests.test_local_transport" name="test_chat_ignores_external_proxy" time="0.532" /><testcase classname="tests.test_local_transport" name="test_embeddings_ignore_external_proxy" time="1.647" /><testcase classname="tests.test_metadata_filter" name="test_metadata_filters_run_before_similarity" time="0.001" /><testcase classname="tests.test_missing_info" name="test_missing_patient_information_is_not_filled_by_rag" time="0.001" /><testcase classname="tests.test_model_intake" name="test_supported_model_fact_enters_authoritative_case" time="0.385" /><testcase classname="tests.test_model_intake" name="test_quote_alone_cannot_authorize_unsupported_facts[BP 172/102 mmHg.-cardiovascular.blood_pressure.persistent_systolic-172]" time="0.002" /><testcase classname="tests.test_model_intake" name="test_quote_alone_cannot_authorize_unsupported_facts[No diabetes.-diabetes.present-True]" time="0.001" /><testcase classname="tests.test_model_intake" name="test_quote_alone_cannot_authorize_unsupported_facts[No family history of diabetes.-diabetes.present-False]" time="0.001" /><testcase classname="tests.test_model_intake" name="test_quote_alone_cannot_authorize_unsupported_facts[No diabetes information is available.-diabetes.present-False]" time="0.001" /><testcase classname="tests.test_model_intake" name="test_quote_alone_cannot_authorize_unsupported_facts[Hearing average is 45 dB.-hearing.average_frequencies_khz-value4]" time="0.002" /><testcase classname="tests.test_model_intake" name="test_conflict_is_not_overwritten_by_model" time="0.002" /><testcase classname="tests.test_model_intake" name="test_model_cannot_remove_context_from_quote[The patient denies a history of diabetes.]" time="0.001" /><testcase classname="tests.test_model_intake" name="test_model_cannot_remove_context_from_quote[Family history of diabetes.]" time="0.001" /><testcase classname="tests.test_model_intake" name="test_model_cannot_map_unrelated_positive_sentence_to_dictionary_field" time="0.001" /><testcase classname="tests.test_model_intake" name="test_model_source_start_selects_the_intended_repeated_quote" time="0.001" /><testcase classname="tests.test_model_intake" name="test_model_stage_precedes_rule_evaluation" time="0.356" /><testcase classname="tests.test_model_intake" name="test_structured_knowledge_contract_is_source_bound" time="0.001" /><testcase classname="tests.test_query_builder" name="test_query_and_strict_filters" time="0.000" /><testcase classname="tests.test_red_flag" name="test_red_flag_stage_runs_before_retrieval" time="0.335" /><testcase classname="tests.test_red_flag" name="test_missing_information_is_not_mislabeled_as_red_flag" time="0.018" /><testcase classname="tests.test_red_flag" name="test_conflicting_fact_uses_public_ambiguity_reason" time="0.003" /><testcase classname="tests.test_red_flag" name="test_non_fast_red_flag_binds_sources_and_ranks_every_request" time="0.007" /><testcase classname="tests.test_red_flag" name="test_red_flag_contract_round_trip_and_rag_boundary" time="0.008" /><testcase classname="tests.test_red_flag" name="test_workflow_rule_result_is_strictly_v1_3" time="0.005" /><testcase classname="tests.test_red_flag" name="test_rag_input_rejects_full_red_flag_payload" time="0.004" /><testcase classname="tests.test_red_flag" name="test_diagnosed_blackout_preserves_insufficient_route_and_retrieves_evidence" time="0.006" /><testcase classname="tests.test_red_flag" name="test_grounded_route_model_can_escalate_but_not_downgrade" time="0.005" /><testcase classname="tests.test_red_flag" name="test_vasovagal_exception_preserves_original_and_condition[True-True-True]" time="0.003" /><testcase classname="tests.test_red_flag" name="test_vasovagal_exception_preserves_original_and_condition[True-False-False]" time="0.004" /><testcase classname="tests.test_red_flag" name="test_vasovagal_exception_preserves_original_and_condition[False-True-False]" time="0.003" /><testcase classname="tests.test_red_flag" name="test_vasovagal_exception_preserves_original_and_condition[True-None-False]" time="0.003" /><testcase classname="tests.test_red_flag" name="test_vasovagal_exception_preserves_original_and_condition[None-True-False]" time="0.005" /><testcase classname="tests.test_red_flag" name="test_vasovagal_exception_preserves_original_and_condition[None-None-False]" time="0.003" /><testcase classname="tests.test_report_payload" name="test_report_payload_preserves_guardrails" time="0.001" /><testcase classname="tests.test_routing" name="test_fast_path_bypasses_rag" time="0.001" /><testcase classname="tests.test_routing" name="test_rag_review_runs" time="0.001" /><testcase classname="tests.test_semantic_review" name="test_second_pass_precedes_rules_and_preserves_original_values" time="0.345" /><testcase classname="tests.test_semantic_review" name="test_no_issue_does_not_claim_accuracy_or_upgrade_unknowns" time="0.336" /><testcase classname="tests.test_semantic_review" name="test_invalid_response_cannot_change_facts[bad_quote]" time="0.346" /><testcase classname="tests.test_semantic_review" name="test_invalid_response_cannot_change_facts[bad_field]" time="0.342" /><testcase classname="tests.test_semantic_review" name="test_invalid_response_cannot_change_facts[wrong_module]" time="0.345" /><testcase classname="tests.test_semantic_review" name="test_invalid_response_cannot_change_facts[missing_checked]" time="0.387" /><testcase classname="tests.test_semantic_review" name="test_invalid_response_cannot_change_facts[duplicate_checked]" time="0.365" /><testcase classname="tests.test_semantic_review" name="test_invalid_response_cannot_change_facts[extra_value]" time="0.430" /><testcase classname="tests.test_semantic_review" name="test_independent_source_reading_distinguishes_absence_from_missing" time="0.329" /><testcase classname="tests.test_semantic_review" name="test_quarantine_propagates_to_derived_facts_and_keeps_page" time="0.323" /><testcase classname="tests.test_semantic_review" name="test_omission_never_inserts_a_model_guessed_value" time="0.314" /><testcase classname="tests.test_semantic_review" name="test_timeout_context_budget_and_disabled_are_explicit" time="0.344" /><testcase classname="tests.test_semantic_review" name="test_one_invalid_response_can_be_retried_without_accepting_partial_facts" time="0.338" /><testcase classname="tests.test_semantic_review" name="test_review_study_hides_seeded_values_and_labels" time="0.396" /><testcase classname="tests.test_semantic_review" name="test_saved_review_is_visible_replayable_and_required" time="1.164" /><testcase classname="tests.test_workflow" name="test_all_authored_workflow_expectations" time="0.677" /><testcase classname="tests.test_workflow" name="test_engine_uses_ruleset_outcome_precedence" time="0.001" /><testcase classname="tests.test_workflow" name="test_every_supplied_and_added_case_completes_five_modules[SYN-M2-001]" time="0.025" /><testcase classname="tests.test_workflow" name="test_every_supplied_and_added_case_completes_five_modules[SYN-M2-002]" time="0.029" /><testcase classname="tests.test_workflow" name="test_every_supplied_and_added_case_completes_five_modules[SYN-M2-003]" time="0.025" /><testcase classname="tests.test_workflow" name="test_every_supplied_and_added_case_completes_five_modules[SYN-M2-004]" time="0.025" /><testcase classname="tests.test_workflow" name="test_every_supplied_and_added_case_completes_five_modules[SYN-M2-005]" time="0.033" /><testcase classname="tests.test_workflow" name="test_every_supplied_and_added_case_completes_five_modules[SYN-M2-006]" time="0.025" /><testcase classname="tests.test_workflow" name="test_every_supplied_and_added_case_completes_five_modules[SYN-M2-007]" time="0.023" /><testcase classname="tests.test_workflow" name="test_every_supplied_and_added_case_completes_five_modules[SYN-M2-008]" time="0.023" /><testcase classname="tests.test_workflow" name="test_every_supplied_and_added_case_completes_five_modules[SYN-M2-009]" time="0.026" /><testcase classname="tests.test_workflow" name="test_every_supplied_and_added_case_completes_five_modules[SYN-M2-010]" time="0.028" /><testcase classname="tests.test_workflow" name="test_every_supplied_and_added_case_completes_five_modules[SYN-EXT-001]" time="0.009" /><testcase classname="tests.test_workflow" name="test_every_supplied_and_added_case_completes_five_modules[SYN-EXT-002]" time="0.012" /><testcase classname="tests.test_workflow" name="test_every_supplied_and_added_case_completes_five_modules[SYN-EXT-003]" time="0.012" /><testcase classname="tests.test_workflow" name="test_every_supplied_and_added_case_completes_five_modules[SYN-EXT-004]" time="0.018" /><testcase classname="tests.test_workflow" name="test_every_supplied_and_added_case_completes_five_modules[SYN-EXT-005]" time="0.020" /><testcase classname="tests.test_workflow" name="test_every_supplied_and_added_case_completes_five_modules[SYN-EXT-006]" time="0.017" /><testcase classname="tests.test_workflow" name="test_every_supplied_and_added_case_completes_five_modules[SYN-EXT-007]" time="0.018" /><testcase classname="tests.test_workflow" name="test_every_supplied_and_added_case_completes_five_modules[SYN-EXT-008]" time="0.013" /><testcase classname="tests.test_workflow" name="test_every_supplied_and_added_case_completes_five_modules[SYN-EXT-009]" time="0.018" /><testcase classname="tests.test_workflow" name="test_every_supplied_and_added_case_completes_five_modules[SYN-EXT-010]" time="0.013" /><testcase classname="tests.test_workflow" name="test_every_supplied_and_added_case_completes_five_modules[SYN-EXT-011]" time="0.018" /><testcase classname="tests.test_workflow" name="test_every_supplied_and_added_case_completes_five_modules[SYN-EXT-012]" time="0.017" /><testcase classname="tests.test_workflow" name="test_every_supplied_and_added_case_completes_five_modules[SYN-EXT-013]" time="0.014" /><testcase classname="tests.test_workflow" name="test_every_supplied_and_added_case_completes_five_modules[SYN-EXT-014]" time="0.015" /><testcase classname="tests.test_workflow" name="test_every_supplied_and_added_case_completes_five_modules[SYN-EXT-015]" time="0.016" /><testcase classname="tests.test_workflow" name="test_every_supplied_and_added_case_completes_five_modules[SYN-EXT-016]" time="0.015" /><testcase classname="tests.test_workflow" name="test_every_supplied_and_added_case_completes_five_modules[SYN-EXT-017]" time="0.017" /><testcase classname="tests.test_workflow" name="test_every_supplied_and_added_case_completes_five_modules[SYN-EXT-018]" time="0.013" /><testcase classname="tests.test_workflow" name="test_every_supplied_and_added_case_completes_five_modules[SYN-EXT-019]" time="0.011" /><testcase classname="tests.test_workflow" name="test_every_supplied_and_added_case_completes_five_modules[SYN-EXT-020]" time="0.012" /><testcase classname="tests.test_workflow" name="test_corrected_eyes_remain_traceable_parents" time="0.002" /><testcase classname="tests.test_workflow" name="test_persistent_pressure_boundaries[170-100-False]" time="0.002" /><testcase classname="tests.test_workflow" name="test_persistent_pressure_boundaries[170.01-100-True]" time="0.002" /><testcase classname="tests.test_workflow" name="test_persistent_pressure_boundaries[170-100.01-True]" time="0.002" /><testcase classname="tests.test_workflow" name="test_persistent_pressure_boundaries[169.99-99.99-False]" time="0.002" /><testcase classname="tests.test_workflow" name="test_single_pressure_does_not_become_persistent" time="0.002" /><testcase classname="tests.test_workflow" name="test_unrecorded_history_is_not_negative[No blackout history information is available.-blackout.occurred]" time="0.001" /><testcase classname="tests.test_workflow" name="test_unrecorded_history_is_not_negative[No history of diabetes documented.-diabetes.present]" time="0.001" /><testcase classname="tests.test_workflow" name="test_unrecorded_history_is_not_negative[Blackouts not assessed.-blackout.occurred]" time="0.001" /><testcase classname="tests.test_workflow" name="test_unrecorded_history_is_not_negative[Diabetes status unknown.-diabetes.present]" time="0.001" /><testcase classname="tests.test_workflow" name="test_explicit_blackout_prose_maps_to_red_flag_fields" time="0.002" /><testcase classname="tests.test_workflow" name="test_uncertain_or_negated_blackout_does_not_become_positive[A possible blackout was discussed.]" time="0.002" /><testcase classname="tests.test_workflow" name="test_uncertain_or_negated_blackout_does_not_become_positive[A blackout was ruled out after review.]" time="0.002" /><testcase classname="tests.test_workflow" name="test_uncertain_or_negated_blackout_does_not_become_positive[The driver had no blackout.]" time="0.001" /><testcase classname="tests.test_workflow" name="test_exact_case_spans_and_no_frequency_invention" time="0.004" /><testcase classname="tests.test_workflow" name="test_numeric_and_unit_context[fields0-VIS-COM-ACUITY-UNCONDITIONAL-001-False]" time="0.004" /><testcase classname="tests.test_workflow" name="test_numeric_and_unit_context[fields1-VIS-COM-ACUITY-UNCONDITIONAL-001-True]" time="0.005" /><testcase classname="tests.test_workflow" name="test_numeric_and_unit_context[fields2-VIS-COM-ACUITY-UNCONDITIONAL-001-True]" time="0.004" /><testcase classname="tests.test_workflow" name="test_numeric_and_unit_context[fields3-HEAR-COM-UNCONDITIONAL-001-True]" time="0.004" /><testcase classname="tests.test_workflow" name="test_numeric_and_unit_context[fields4-HEAR-COM-UNCONDITIONAL-001-False]" time="0.005" /><testcase classname="tests.test_workflow" name="test_bad_types_ranges_abstain[diabetes.present-false]" time="0.001" /><testcase classname="tests.test_workflow" name="test_bad_types_ranges_abstain[hearing.unaided_better_ear_average_db-True]" time="0.001" /><testcase classname="tests.test_workflow" name="test_bad_types_ranges_abstain[cardiovascular.blood_pressure.persistent_systolic-999]" time="0.001" /><testcase classname="tests.test_workflow" name="test_bad_types_ranges_abstain[blackout.episodes_separated_by_24h_count-0]" time="0.001" /><testcase classname="tests.test_workflow" name="test_bad_types_ranges_abstain[vision.uncorrected.left.snellen-6/0]" time="0.001" /><testcase classname="tests.test_workflow" name="test_conflicting_assertions_abstain" time="0.004" /><testcase classname="tests.test_workflow" name="test_cross_field_conflict_never_fast_paths" time="0.003" /><testcase classname="tests.test_workflow" name="test_three_cardiovascular_cases_are_escalated" time="0.011" /><testcase classname="tests.test_workflow" name="test_rag_cannot_mutate_rules_and_covers_every_request" time="0.023" /><testcase classname="tests.test_workflow" name="test_request_identity_cannot_switch_source" time="0.008" /><testcase classname="tests.test_workflow" name="test_fast_path_still_binds_sources_without_ranking" time="0.010" /><testcase classname="tests.test_workflow" name="test_source_citations_are_commercial_table_regions" time="0.001" /><testcase classname="tests.test_workflow" name="test_model_fields_reject_forged_source_span" time="0.002" /><testcase classname="tests.test_workflow" name="test_report_rejects_cross_case_evidence" time="0.023" /><testcase classname="tests.test_workflow" name="test_html_escapes_input" time="0.040" /><testcase classname="tests.test_workflow" name="test_run_replay_and_tamper_detection" time="1.164" /><testcase classname="tests.test_workflow" name="test_source_index_fingerprint_mismatch" time="0.022" /><testcase classname="tests.test_workflow" name="test_empty_or_partial_predictions_are_penalized" time="0.000" /><testcase classname="tests.test_workflow" name="test_unrelated_query_has_no_lexical_evidence" time="0.000" /><testcase classname="tests.test_workflow" name="test_pdf_input_keeps_page_and_original_bytes" time="0.025" /><testcase classname="tests.test_workflow" name="test_blank_pdf_page_is_not_silently_ignored" time="0.016" /><testcase classname="tests.test_workspace_upgrade" name="test_browser_text_submission_creates_verified_report" time="1.324" /><testcase classname="tests.test_workspace_upgrade" name="test_file_intake_all_supported_formats[txt]" time="1.256" /><testcase classname="tests.test_workspace_upgrade" name="test_file_intake_all_supported_formats[md]" time="1.044" /><testcase classname="tests.test_workspace_upgrade" name="test_file_intake_all_supported_formats[pdf]" time="1.386" /><testcase classname="tests.test_workspace_upgrade" name="test_input_rejections_and_local_browser_boundary" time="0.549" /><testcase classname="tests.test_workspace_upgrade" name="test_scanned_pdf_fails_with_actionable_message" time="0.647" /><testcase classname="tests.test_workspace_upgrade" name="test_tampered_report_is_not_served" time="1.122" /><testcase classname="tests.test_workspace_upgrade" name="test_indicator_query_uses_only_selected_source_span" time="0.540" /><testcase classname="tests.test_workspace_upgrade" name="test_rule_queries_do_not_include_other_modules" time="0.604" /><testcase classname="tests.test_workspace_upgrade" name="test_grouping_preserves_whole_anchored_text_and_module" time="0.533" /><testcase classname="tests.test_workspace_upgrade" name="test_bm25_ablation_does_not_call_vector_search" time="0.546" /><testcase classname="tests.test_workspace_upgrade" name="test_judgment_prompt_withholds_outcomes_and_rejects_fabricated_citations" time="0.490" /><testcase classname="tests.test_workspace_upgrade" name="test_indicator_example_matches_schema" time="0.001" /></testsuite></testsuites>