<?xml version="1.0" encoding="utf-8"?><testsuites name="pytest tests"><testsuite name="pytest" errors="0" failures="0" skipped="0" tests="103" time="6.389" timestamp="2026-09-08T17:28:29.355264+08:00" hostname="DESKTOP-5OQPVKJ"><testcase classname="tests.test_api_and_models" name="test_api_text_to_evidence_round_trip" time="0.242" /><testcase classname="tests.test_api_and_models" name="test_model_endpoint_must_be_local[https://external.example]" time="0.000" /><testcase classname="tests.test_api_and_models" name="test_model_endpoint_must_be_local[http://127.0.0.1.evil.example]" time="0.000" /><testcase classname="tests.test_api_and_models" name="test_model_endpoint_must_be_local[file:///tmp/model]" time="0.000" /><testcase classname="tests.test_api_and_models" name="test_model_endpoint_must_be_local[http://name:password@localhost]" time="0.000" /><testcase classname="tests.test_api_and_models" name="test_llm_fabricated_quote_is_rejected" time="0.008" /><testcase classname="tests.test_api_and_models" name="test_model_timeout_preserves_replayable_template_report" time="0.639" /><testcase classname="tests.test_case_intake_synthetic" name="test_all_ten_supplied_cases_are_loaded" time="0.004" /><testcase classname="tests.test_case_intake_synthetic" name="test_fixture_extraction_matches_curated_gold" time="0.003" /><testcase classname="tests.test_case_intake_synthetic" name="test_explicit_missing_information_is_preserved" time="0.002" /><testcase classname="tests.test_case_intake_synthetic" name="test_category_map_stays_non_diagnostic" time="0.002" /><testcase classname="tests.test_english_presentation" name="test_report_and_library_use_english" time="0.275" /><testcase classname="tests.test_english_presentation" name="test_commentary_rejects_chinese_output" time="0.003" /><testcase classname="tests.test_evaluation" name="test_gold_metrics" time="0.000" /><testcase classname="tests.test_evidence_pack" name="test_evidence_pack_is_frozen" time="0.001" /><testcase classname="tests.test_hybrid_retrieval" name="test_hybrid_retrieval_returns_relevant_filtered_docs" time="0.001" /><testcase classname="tests.test_local_transport" name="test_chat_ignores_external_proxy" time="0.519" /><testcase classname="tests.test_local_transport" name="test_embeddings_ignore_external_proxy" time="2.081" /><testcase classname="tests.test_metadata_filter" name="test_metadata_filters_run_before_similarity" time="0.001" /><testcase classname="tests.test_missing_info" name="test_missing_patient_information_is_not_filled_by_rag" time="0.000" /><testcase classname="tests.test_model_intake" name="test_supported_model_fact_enters_authoritative_case" time="0.218" /><testcase classname="tests.test_model_intake" name="test_quote_alone_cannot_authorize_unsupported_facts[BP 172/102 mmHg.-cardiovascular.blood_pressure.persistent_systolic-172]" time="0.002" /><testcase classname="tests.test_model_intake" name="test_quote_alone_cannot_authorize_unsupported_facts[No diabetes.-diabetes.present-True]" time="0.001" /><testcase classname="tests.test_model_intake" name="test_quote_alone_cannot_authorize_unsupported_facts[No family history of diabetes.-diabetes.present-False]" time="0.001" /><testcase classname="tests.test_model_intake" name="test_quote_alone_cannot_authorize_unsupported_facts[No diabetes information is available.-diabetes.present-False]" time="0.001" /><testcase classname="tests.test_model_intake" name="test_quote_alone_cannot_authorize_unsupported_facts[Hearing average is 45 dB.-hearing.average_frequencies_khz-value4]" time="0.001" /><testcase classname="tests.test_model_intake" name="test_conflict_is_not_overwritten_by_model" time="0.001" /><testcase classname="tests.test_model_intake" name="test_model_cannot_remove_context_from_quote[The patient denies a history of diabetes.]" time="0.001" /><testcase classname="tests.test_model_intake" name="test_model_cannot_remove_context_from_quote[Family history of diabetes.]" time="0.001" /><testcase classname="tests.test_model_intake" name="test_model_stage_precedes_rule_evaluation" time="0.256" /><testcase classname="tests.test_model_intake" name="test_structured_knowledge_contract_is_source_bound" time="0.001" /><testcase classname="tests.test_query_builder" name="test_query_and_strict_filters" time="0.000" /><testcase classname="tests.test_report_payload" name="test_report_payload_preserves_guardrails" time="0.001" /><testcase classname="tests.test_routing" name="test_fast_path_bypasses_rag" time="0.001" /><testcase classname="tests.test_routing" name="test_rag_review_runs" time="0.001" /><testcase classname="tests.test_workflow" name="test_all_authored_workflow_expectations" time="0.402" /><testcase classname="tests.test_workflow" name="test_every_supplied_and_added_case_completes_five_modules[SYN-M2-001]" time="0.013" /><testcase classname="tests.test_workflow" name="test_every_supplied_and_added_case_completes_five_modules[SYN-M2-002]" time="0.012" /><testcase classname="tests.test_workflow" name="test_every_supplied_and_added_case_completes_five_modules[SYN-M2-003]" time="0.012" /><testcase classname="tests.test_workflow" name="test_every_supplied_and_added_case_completes_five_modules[SYN-M2-004]" time="0.013" /><testcase classname="tests.test_workflow" name="test_every_supplied_and_added_case_completes_five_modules[SYN-M2-005]" time="0.012" /><testcase classname="tests.test_workflow" name="test_every_supplied_and_added_case_completes_five_modules[SYN-M2-006]" time="0.012" /><testcase classname="tests.test_workflow" name="test_every_supplied_and_added_case_completes_five_modules[SYN-M2-007]" time="0.012" /><testcase classname="tests.test_workflow" name="test_every_supplied_and_added_case_completes_five_modules[SYN-M2-008]" time="0.012" /><testcase classname="tests.test_workflow" name="test_every_supplied_and_added_case_completes_five_modules[SYN-M2-009]" time="0.013" /><testcase classname="tests.test_workflow" name="test_every_supplied_and_added_case_completes_five_modules[SYN-M2-010]" time="0.013" /><testcase classname="tests.test_workflow" name="test_every_supplied_and_added_case_completes_five_modules[SYN-EXT-001]" time="0.009" /><testcase classname="tests.test_workflow" name="test_every_supplied_and_added_case_completes_five_modules[SYN-EXT-002]" time="0.008" /><testcase classname="tests.test_workflow" name="test_every_supplied_and_added_case_completes_five_modules[SYN-EXT-003]" time="0.008" /><testcase classname="tests.test_workflow" name="test_every_supplied_and_added_case_completes_five_modules[SYN-EXT-004]" time="0.009" /><testcase classname="tests.test_workflow" name="test_every_supplied_and_added_case_completes_five_modules[SYN-EXT-005]" time="0.009" /><testcase classname="tests.test_workflow" name="test_every_supplied_and_added_case_completes_five_modules[SYN-EXT-006]" time="0.008" /><testcase classname="tests.test_workflow" name="test_every_supplied_and_added_case_completes_five_modules[SYN-EXT-007]" time="0.008" /><testcase classname="tests.test_workflow" name="test_every_supplied_and_added_case_completes_five_modules[SYN-EXT-008]" time="0.008" /><testcase classname="tests.test_workflow" name="test_every_supplied_and_added_case_completes_five_modules[SYN-EXT-009]" time="0.010" /><testcase classname="tests.test_workflow" name="test_every_supplied_and_added_case_completes_five_modules[SYN-EXT-010]" time="0.007" /><testcase classname="tests.test_workflow" name="test_every_supplied_and_added_case_completes_five_modules[SYN-EXT-011]" time="0.008" /><testcase classname="tests.test_workflow" name="test_every_supplied_and_added_case_completes_five_modules[SYN-EXT-012]" time="0.009" /><testcase classname="tests.test_workflow" name="test_every_supplied_and_added_case_completes_five_modules[SYN-EXT-013]" time="0.008" /><testcase classname="tests.test_workflow" name="test_every_supplied_and_added_case_completes_five_modules[SYN-EXT-014]" time="0.010" /><testcase classname="tests.test_workflow" name="test_every_supplied_and_added_case_completes_five_modules[SYN-EXT-015]" time="0.009" /><testcase classname="tests.test_workflow" name="test_every_supplied_and_added_case_completes_five_modules[SYN-EXT-016]" time="0.009" /><testcase classname="tests.test_workflow" name="test_every_supplied_and_added_case_completes_five_modules[SYN-EXT-017]" time="0.010" /><testcase classname="tests.test_workflow" name="test_every_supplied_and_added_case_completes_five_modules[SYN-EXT-018]" time="0.009" /><testcase classname="tests.test_workflow" name="test_every_supplied_and_added_case_completes_five_modules[SYN-EXT-019]" time="0.008" /><testcase classname="tests.test_workflow" name="test_every_supplied_and_added_case_completes_five_modules[SYN-EXT-020]" time="0.008" /><testcase classname="tests.test_workflow" name="test_corrected_eyes_remain_traceable_parents" time="0.001" /><testcase classname="tests.test_workflow" name="test_persistent_pressure_boundaries[170-100-False]" time="0.002" /><testcase classname="tests.test_workflow" name="test_persistent_pressure_boundaries[170.01-100-True]" time="0.002" /><testcase classname="tests.test_workflow" name="test_persistent_pressure_boundaries[170-100.01-True]" time="0.002" /><testcase classname="tests.test_workflow" name="test_persistent_pressure_boundaries[169.99-99.99-False]" time="0.002" /><testcase classname="tests.test_workflow" name="test_single_pressure_does_not_become_persistent" time="0.001" /><testcase classname="tests.test_workflow" name="test_unrecorded_history_is_not_negative[No blackout history information is available.-blackout.occurred]" time="0.001" /><testcase classname="tests.test_workflow" name="test_unrecorded_history_is_not_negative[No history of diabetes documented.-diabetes.present]" time="0.001" /><testcase classname="tests.test_workflow" name="test_unrecorded_history_is_not_negative[Blackouts not assessed.-blackout.occurred]" time="0.001" /><testcase classname="tests.test_workflow" name="test_unrecorded_history_is_not_negative[Diabetes status unknown.-diabetes.present]" time="0.001" /><testcase classname="tests.test_workflow" name="test_exact_case_spans_and_no_frequency_invention" time="0.003" /><testcase classname="tests.test_workflow" name="test_numeric_and_unit_context[fields0-VIS-COM-ACUITY-UNCONDITIONAL-001-False]" time="0.003" /><testcase classname="tests.test_workflow" name="test_numeric_and_unit_context[fields1-VIS-COM-ACUITY-UNCONDITIONAL-001-True]" time="0.003" /><testcase classname="tests.test_workflow" name="test_numeric_and_unit_context[fields2-VIS-COM-ACUITY-UNCONDITIONAL-001-True]" time="0.003" /><testcase classname="tests.test_workflow" name="test_numeric_and_unit_context[fields3-HEAR-COM-UNCONDITIONAL-001-True]" time="0.003" /><testcase classname="tests.test_workflow" name="test_numeric_and_unit_context[fields4-HEAR-COM-UNCONDITIONAL-001-False]" time="0.003" /><testcase classname="tests.test_workflow" name="test_bad_types_ranges_abstain[diabetes.present-false]" time="0.001" /><testcase classname="tests.test_workflow" name="test_bad_types_ranges_abstain[hearing.unaided_better_ear_average_db-True]" time="0.001" /><testcase classname="tests.test_workflow" name="test_bad_types_ranges_abstain[cardiovascular.blood_pressure.persistent_systolic-999]" time="0.001" /><testcase classname="tests.test_workflow" name="test_bad_types_ranges_abstain[blackout.episodes_separated_by_24h_count-0]" time="0.001" /><testcase classname="tests.test_workflow" name="test_bad_types_ranges_abstain[vision.uncorrected.left.snellen-6/0]" time="0.001" /><testcase classname="tests.test_workflow" name="test_conflicting_assertions_abstain" time="0.003" /><testcase classname="tests.test_workflow" name="test_cross_field_conflict_never_fast_paths" time="0.001" /><testcase classname="tests.test_workflow" name="test_three_cardiovascular_cases_are_escalated" time="0.008" /><testcase classname="tests.test_workflow" name="test_rag_cannot_mutate_rules_and_covers_every_request" time="0.014" /><testcase classname="tests.test_workflow" name="test_request_identity_cannot_switch_source" time="0.005" /><testcase classname="tests.test_workflow" name="test_fast_path_still_binds_sources_without_ranking" time="0.007" /><testcase classname="tests.test_workflow" name="test_source_citations_are_commercial_table_regions" time="0.000" /><testcase classname="tests.test_workflow" name="test_model_fields_reject_forged_source_span" time="0.002" /><testcase classname="tests.test_workflow" name="test_report_rejects_cross_case_evidence" time="0.014" /><testcase classname="tests.test_workflow" name="test_html_escapes_input" time="0.021" /><testcase classname="tests.test_workflow" name="test_run_replay_and_tamper_detection" time="0.691" /><testcase classname="tests.test_workflow" name="test_source_index_fingerprint_mismatch" time="0.013" /><testcase classname="tests.test_workflow" name="test_empty_or_partial_predictions_are_penalized" time="0.000" /><testcase classname="tests.test_workflow" name="test_unrelated_query_has_no_lexical_evidence" time="0.000" /><testcase classname="tests.test_workflow" name="test_pdf_input_keeps_page_and_original_bytes" time="0.034" /><testcase classname="tests.test_workflow" name="test_blank_pdf_page_is_not_silently_ignored" time="0.011" /></testsuite></testsuites>